ARM GAS  /tmp/cc8MgW4V.s 			page 1


   1              		.cpu cortex-m4
   2              		.arch armv7e-m
   3              		.fpu fpv4-sp-d16
   4              		.eabi_attribute 27, 1
   5              		.eabi_attribute 28, 1
   6              		.eabi_attribute 20, 1
   7              		.eabi_attribute 21, 1
   8              		.eabi_attribute 23, 3
   9              		.eabi_attribute 24, 1
  10              		.eabi_attribute 25, 1
  11              		.eabi_attribute 26, 1
  12              		.eabi_attribute 30, 1
  13              		.eabi_attribute 34, 1
  14              		.eabi_attribute 18, 4
  15              		.file	"esc_hw.c"
  16              		.text
  17              	.Ltext0:
  18              		.cfi_sections	.debug_frame
  19              		.section	.text.esc_address,"ax",%progbits
  20              		.align	1
  21              		.syntax unified
  22              		.thumb
  23              		.thumb_func
  25              	esc_address:
  26              	.LVL0:
  27              	.LFB130:
  28              		.file 1 "Drivers/ESC/AX58100/esc_hw.c"
   1:Drivers/ESC/AX58100/esc_hw.c **** /*
   2:Drivers/ESC/AX58100/esc_hw.c ****  * Licensed under the GNU General Public License version 2 with exceptions. See
   3:Drivers/ESC/AX58100/esc_hw.c ****  * LICENSE file in the project root for full license information
   4:Drivers/ESC/AX58100/esc_hw.c ****  */
   5:Drivers/ESC/AX58100/esc_hw.c **** 
   6:Drivers/ESC/AX58100/esc_hw.c **** /** \file
   7:Drivers/ESC/AX58100/esc_hw.c ****  * \brief
   8:Drivers/ESC/AX58100/esc_hw.c ****  * ESC hardware layer functions.
   9:Drivers/ESC/AX58100/esc_hw.c ****  *
  10:Drivers/ESC/AX58100/esc_hw.c ****  * Function to read and write commands to the ESC. Used to read/write ESC
  11:Drivers/ESC/AX58100/esc_hw.c ****  * registers and memory.
  12:Drivers/ESC/AX58100/esc_hw.c ****  */
  13:Drivers/ESC/AX58100/esc_hw.c **** 
  14:Drivers/ESC/AX58100/esc_hw.c **** #include <string.h>
  15:Drivers/ESC/AX58100/esc_hw.c **** #include "esc.h"
  16:Drivers/ESC/AX58100/esc_hw.c **** 
  17:Drivers/ESC/AX58100/esc_hw.c **** #include "ecatapp.h"
  18:Drivers/ESC/AX58100/esc_hw.c **** #include "main.h"
  19:Drivers/ESC/AX58100/esc_hw.c **** 
  20:Drivers/ESC/AX58100/esc_hw.c **** #define MAX_READ_SIZE 128
  21:Drivers/ESC/AX58100/esc_hw.c **** 
  22:Drivers/ESC/AX58100/esc_hw.c **** #define ESC_CMD_READ 0x02
  23:Drivers/ESC/AX58100/esc_hw.c **** #define ESC_CMD_READWS 0x03
  24:Drivers/ESC/AX58100/esc_hw.c **** #define ESC_CMD_WRITE 0x04
  25:Drivers/ESC/AX58100/esc_hw.c **** #define ESC_CMD_NOP 0x00
  26:Drivers/ESC/AX58100/esc_hw.c **** #define ESC_TERM 0xff
  27:Drivers/ESC/AX58100/esc_hw.c **** #define ESC_NEXT 0x00
  28:Drivers/ESC/AX58100/esc_hw.c **** 
  29:Drivers/ESC/AX58100/esc_hw.c **** #define ESCREG_PDI_CONTROL 0x0140
  30:Drivers/ESC/AX58100/esc_hw.c **** #define ESCREG_ESC_CONFIG 0x0141
ARM GAS  /tmp/cc8MgW4V.s 			page 2


  31:Drivers/ESC/AX58100/esc_hw.c **** #define DC_SYNC_OUT 0x04
  32:Drivers/ESC/AX58100/esc_hw.c **** #define ESCREG_CYCLIC_UNIT_CONTROL 0x0980
  33:Drivers/ESC/AX58100/esc_hw.c **** #define SYNC_OUT_UNIT_CONTROL_MASK 0x01
  34:Drivers/ESC/AX58100/esc_hw.c **** #define SYNC_OUT_ECAT_CONTROL 0x00
  35:Drivers/ESC/AX58100/esc_hw.c **** #define SYNC_OUT_PDI_CONTROL 0x01
  36:Drivers/ESC/AX58100/esc_hw.c **** #define ESCREG_SYNC0_CYCLE_TIME 0x09A0
  37:Drivers/ESC/AX58100/esc_hw.c **** #define ESCREG_SYNC_START_TIME 0x0990
  38:Drivers/ESC/AX58100/esc_hw.c **** // measured with 21MHz SPI PDI
  39:Drivers/ESC/AX58100/esc_hw.c **** #define SYNC_START_OFFSET 2342840
  40:Drivers/ESC/AX58100/esc_hw.c **** 
  41:Drivers/ESC/AX58100/esc_hw.c **** static uint8_t read_termination[MAX_READ_SIZE] = {0};
  42:Drivers/ESC/AX58100/esc_hw.c **** 
  43:Drivers/ESC/AX58100/esc_hw.c **** #define GPIO_ECAT_RESET 1 /* specific function to hold ESC reset on startup \
  44:Drivers/ESC/AX58100/esc_hw.c ****                            * when emulating EEPROM                          \
  45:Drivers/ESC/AX58100/esc_hw.c ****                            */
  46:Drivers/ESC/AX58100/esc_hw.c **** 
  47:Drivers/ESC/AX58100/esc_hw.c **** extern SPI_HandleTypeDef hspi2;
  48:Drivers/ESC/AX58100/esc_hw.c **** 
  49:Drivers/ESC/AX58100/esc_hw.c **** static void esc_address(uint16_t address, uint8_t command)
  50:Drivers/ESC/AX58100/esc_hw.c **** {
  29              		.loc 1 50 1 view -0
  30              		.cfi_startproc
  31              		@ args = 0, pretend = 0, frame = 8
  32              		@ frame_needed = 0, uses_anonymous_args = 0
  33              		.loc 1 50 1 is_stmt 0 view .LVU1
  34 0000 10B5     		push	{r4, lr}
  35              		.cfi_def_cfa_offset 8
  36              		.cfi_offset 4, -8
  37              		.cfi_offset 14, -4
  38 0002 84B0     		sub	sp, sp, #16
  39              		.cfi_def_cfa_offset 24
  51:Drivers/ESC/AX58100/esc_hw.c ****    /* Device is selected already.
  52:Drivers/ESC/AX58100/esc_hw.c ****     * We use 2 bytes addressing.
  53:Drivers/ESC/AX58100/esc_hw.c ****     */
  54:Drivers/ESC/AX58100/esc_hw.c ****    uint8_t data[2];
  40              		.loc 1 54 4 is_stmt 1 view .LVU2
  55:Drivers/ESC/AX58100/esc_hw.c **** 
  56:Drivers/ESC/AX58100/esc_hw.c ****    /* address 12:5 */
  57:Drivers/ESC/AX58100/esc_hw.c ****    data[0] = (address >> 5);
  41              		.loc 1 57 4 view .LVU3
  42              		.loc 1 57 12 is_stmt 0 view .LVU4
  43 0004 4309     		lsrs	r3, r0, #5
  44 0006 8DF80C30 		strb	r3, [sp, #12]
  58:Drivers/ESC/AX58100/esc_hw.c ****    /* address 4:0 and cmd 2:0 */
  59:Drivers/ESC/AX58100/esc_hw.c ****    data[1] = ((address & 0x1F) << 3) | command;
  45              		.loc 1 59 4 is_stmt 1 view .LVU5
  46              		.loc 1 59 38 is_stmt 0 view .LVU6
  47 000a 41EAC000 		orr	r0, r1, r0, lsl #3
  48              	.LVL1:
  49              		.loc 1 59 12 view .LVU7
  50 000e 8DF80D00 		strb	r0, [sp, #13]
  60:Drivers/ESC/AX58100/esc_hw.c **** 
  61:Drivers/ESC/AX58100/esc_hw.c ****    /* Write (and read AL interrupt register) */
  62:Drivers/ESC/AX58100/esc_hw.c ****    HAL_SPI_TransmitReceive(&hspi2, data, (uint8_t *)&ESCvar.ALevent, sizeof(data), 100);
  51              		.loc 1 62 4 is_stmt 1 view .LVU8
  52 0012 084C     		ldr	r4, .L3
  53 0014 6423     		movs	r3, #100
ARM GAS  /tmp/cc8MgW4V.s 			page 3


  54 0016 0093     		str	r3, [sp]
  55 0018 0223     		movs	r3, #2
  56 001a 2246     		mov	r2, r4
  57 001c 03A9     		add	r1, sp, #12
  58              	.LVL2:
  59              		.loc 1 62 4 is_stmt 0 view .LVU9
  60 001e 0648     		ldr	r0, .L3+4
  61 0020 FFF7FEFF 		bl	HAL_SPI_TransmitReceive
  62              	.LVL3:
  63:Drivers/ESC/AX58100/esc_hw.c **** 
  64:Drivers/ESC/AX58100/esc_hw.c ****    ESCvar.ALevent = etohs(ESCvar.ALevent);
  63              		.loc 1 64 4 is_stmt 1 view .LVU10
  64              		.loc 1 64 21 is_stmt 0 view .LVU11
  65 0024 2246     		mov	r2, r4
  66 0026 32F8DC39 		ldrh	r3, [r2], #-220
  67 002a 9BB2     		uxth	r3, r3
  68              		.loc 1 64 19 view .LVU12
  69 002c A2F8DC30 		strh	r3, [r2, #220]	@ movhi
  65:Drivers/ESC/AX58100/esc_hw.c **** }
  70              		.loc 1 65 1 view .LVU13
  71 0030 04B0     		add	sp, sp, #16
  72              		.cfi_def_cfa_offset 8
  73              		@ sp needed
  74 0032 10BD     		pop	{r4, pc}
  75              	.L4:
  76              		.align	2
  77              	.L3:
  78 0034 DC000000 		.word	ESCvar+220
  79 0038 00000000 		.word	hspi2
  80              		.cfi_endproc
  81              	.LFE130:
  83              		.section	.text.ESC_read,"ax",%progbits
  84              		.align	1
  85              		.global	ESC_read
  86              		.syntax unified
  87              		.thumb
  88              		.thumb_func
  90              	ESC_read:
  91              	.LVL4:
  92              	.LFB131:
  66:Drivers/ESC/AX58100/esc_hw.c **** 
  67:Drivers/ESC/AX58100/esc_hw.c **** /** ESC read function used by the Slave stack.
  68:Drivers/ESC/AX58100/esc_hw.c ****  *
  69:Drivers/ESC/AX58100/esc_hw.c ****  * @param[in]   address     = address of ESC register to read
  70:Drivers/ESC/AX58100/esc_hw.c ****  * @param[out]  buf         = pointer to buffer to read in
  71:Drivers/ESC/AX58100/esc_hw.c ****  * @param[in]   len         = number of bytes to read
  72:Drivers/ESC/AX58100/esc_hw.c ****  */
  73:Drivers/ESC/AX58100/esc_hw.c **** void ESC_read(uint16_t address, void *buf, uint16_t len)
  74:Drivers/ESC/AX58100/esc_hw.c **** {
  93              		.loc 1 74 1 is_stmt 1 view -0
  94              		.cfi_startproc
  95              		@ args = 0, pretend = 0, frame = 0
  96              		@ frame_needed = 0, uses_anonymous_args = 0
  75:Drivers/ESC/AX58100/esc_hw.c ****    if (len > MAX_READ_SIZE)
  97              		.loc 1 75 4 view .LVU15
  98              		.loc 1 75 7 is_stmt 0 view .LVU16
  99 0000 802A     		cmp	r2, #128
ARM GAS  /tmp/cc8MgW4V.s 			page 4


 100 0002 00D9     		bls	.L11
 101 0004 7047     		bx	lr
 102              	.L11:
  74:Drivers/ESC/AX58100/esc_hw.c ****    if (len > MAX_READ_SIZE)
 103              		.loc 1 74 1 view .LVU17
 104 0006 F0B5     		push	{r4, r5, r6, r7, lr}
 105              		.cfi_def_cfa_offset 20
 106              		.cfi_offset 4, -20
 107              		.cfi_offset 5, -16
 108              		.cfi_offset 6, -12
 109              		.cfi_offset 7, -8
 110              		.cfi_offset 14, -4
 111 0008 83B0     		sub	sp, sp, #12
 112              		.cfi_def_cfa_offset 32
 113 000a 0646     		mov	r6, r0
 114 000c 0D46     		mov	r5, r1
 115 000e 1446     		mov	r4, r2
  76:Drivers/ESC/AX58100/esc_hw.c ****    {
  77:Drivers/ESC/AX58100/esc_hw.c ****       return;
  78:Drivers/ESC/AX58100/esc_hw.c ****    }
  79:Drivers/ESC/AX58100/esc_hw.c **** 
  80:Drivers/ESC/AX58100/esc_hw.c ****    /* Select device. */
  81:Drivers/ESC/AX58100/esc_hw.c ****    HAL_GPIO_WritePin(SPI2_NSS_GPIO_Port, SPI2_NSS_Pin, GPIO_PIN_RESET);
 116              		.loc 1 81 4 is_stmt 1 view .LVU18
 117 0010 0E4F     		ldr	r7, .L12
 118 0012 0022     		movs	r2, #0
 119              	.LVL5:
 120              		.loc 1 81 4 is_stmt 0 view .LVU19
 121 0014 4FF48071 		mov	r1, #256
 122              	.LVL6:
 123              		.loc 1 81 4 view .LVU20
 124 0018 3846     		mov	r0, r7
 125              	.LVL7:
 126              		.loc 1 81 4 view .LVU21
 127 001a FFF7FEFF 		bl	HAL_GPIO_WritePin
 128              	.LVL8:
  82:Drivers/ESC/AX58100/esc_hw.c **** 
  83:Drivers/ESC/AX58100/esc_hw.c ****    /* Write address and command to device. */
  84:Drivers/ESC/AX58100/esc_hw.c ****    esc_address(address, ESC_CMD_READ);
 129              		.loc 1 84 4 is_stmt 1 view .LVU22
 130 001e 0221     		movs	r1, #2
 131 0020 3046     		mov	r0, r6
 132 0022 FFF7FEFF 		bl	esc_address
 133              	.LVL9:
  85:Drivers/ESC/AX58100/esc_hw.c **** 
  86:Drivers/ESC/AX58100/esc_hw.c ****    /* Here we want to read data and keep MOSI low (0x00) during
  87:Drivers/ESC/AX58100/esc_hw.c ****     * all bytes except the last one where we want to pull it high (0xFF).
  88:Drivers/ESC/AX58100/esc_hw.c ****     * Read (and write termination bytes).
  89:Drivers/ESC/AX58100/esc_hw.c ****     */
  90:Drivers/ESC/AX58100/esc_hw.c ****    HAL_SPI_TransmitReceive(&hspi2, read_termination + (MAX_READ_SIZE - len), buf, len, 100);
 134              		.loc 1 90 4 view .LVU23
 135              		.loc 1 90 70 is_stmt 0 view .LVU24
 136 0026 C4F18001 		rsb	r1, r4, #128
 137              		.loc 1 90 4 view .LVU25
 138 002a 6423     		movs	r3, #100
 139 002c 0093     		str	r3, [sp]
 140 002e 2346     		mov	r3, r4
ARM GAS  /tmp/cc8MgW4V.s 			page 5


 141 0030 2A46     		mov	r2, r5
 142 0032 0748     		ldr	r0, .L12+4
 143 0034 0144     		add	r1, r1, r0
 144 0036 0748     		ldr	r0, .L12+8
 145 0038 FFF7FEFF 		bl	HAL_SPI_TransmitReceive
 146              	.LVL10:
  91:Drivers/ESC/AX58100/esc_hw.c **** 
  92:Drivers/ESC/AX58100/esc_hw.c ****    /* Un-select device. */
  93:Drivers/ESC/AX58100/esc_hw.c ****    HAL_GPIO_WritePin(SPI2_NSS_GPIO_Port, SPI2_NSS_Pin, GPIO_PIN_SET);
 147              		.loc 1 93 4 is_stmt 1 view .LVU26
 148 003c 0122     		movs	r2, #1
 149 003e 4FF48071 		mov	r1, #256
 150 0042 3846     		mov	r0, r7
 151 0044 FFF7FEFF 		bl	HAL_GPIO_WritePin
 152              	.LVL11:
  94:Drivers/ESC/AX58100/esc_hw.c **** }
 153              		.loc 1 94 1 is_stmt 0 view .LVU27
 154 0048 03B0     		add	sp, sp, #12
 155              		.cfi_def_cfa_offset 20
 156              		@ sp needed
 157 004a F0BD     		pop	{r4, r5, r6, r7, pc}
 158              	.LVL12:
 159              	.L13:
 160              		.loc 1 94 1 view .LVU28
 161              		.align	2
 162              	.L12:
 163 004c 00040240 		.word	1073873920
 164 0050 00000000 		.word	.LANCHOR0
 165 0054 00000000 		.word	hspi2
 166              		.cfi_endproc
 167              	.LFE131:
 169              		.section	.text.ESC_write,"ax",%progbits
 170              		.align	1
 171              		.global	ESC_write
 172              		.syntax unified
 173              		.thumb
 174              		.thumb_func
 176              	ESC_write:
 177              	.LVL13:
 178              	.LFB132:
  95:Drivers/ESC/AX58100/esc_hw.c **** 
  96:Drivers/ESC/AX58100/esc_hw.c **** /** ESC write function used by the Slave stack.
  97:Drivers/ESC/AX58100/esc_hw.c ****  *
  98:Drivers/ESC/AX58100/esc_hw.c ****  * @param[in]   address     = address of ESC register to write
  99:Drivers/ESC/AX58100/esc_hw.c ****  * @param[out]  buf         = pointer to buffer to write from
 100:Drivers/ESC/AX58100/esc_hw.c ****  * @param[in]   len         = number of bytes to write
 101:Drivers/ESC/AX58100/esc_hw.c ****  */
 102:Drivers/ESC/AX58100/esc_hw.c **** void ESC_write(uint16_t address, void *buf, uint16_t len)
 103:Drivers/ESC/AX58100/esc_hw.c **** 
 104:Drivers/ESC/AX58100/esc_hw.c **** {
 179              		.loc 1 104 1 is_stmt 1 view -0
 180              		.cfi_startproc
 181              		@ args = 0, pretend = 0, frame = 0
 182              		@ frame_needed = 0, uses_anonymous_args = 0
 183              		.loc 1 104 1 is_stmt 0 view .LVU30
 184 0000 F8B5     		push	{r3, r4, r5, r6, r7, lr}
 185              		.cfi_def_cfa_offset 24
ARM GAS  /tmp/cc8MgW4V.s 			page 6


 186              		.cfi_offset 3, -24
 187              		.cfi_offset 4, -20
 188              		.cfi_offset 5, -16
 189              		.cfi_offset 6, -12
 190              		.cfi_offset 7, -8
 191              		.cfi_offset 14, -4
 192 0002 0646     		mov	r6, r0
 193 0004 0C46     		mov	r4, r1
 194 0006 1546     		mov	r5, r2
 105:Drivers/ESC/AX58100/esc_hw.c ****    /* Select device. */
 106:Drivers/ESC/AX58100/esc_hw.c ****    HAL_GPIO_WritePin(SPI2_NSS_GPIO_Port, SPI2_NSS_Pin, GPIO_PIN_RESET);
 195              		.loc 1 106 4 is_stmt 1 view .LVU31
 196 0008 0B4F     		ldr	r7, .L16
 197 000a 0022     		movs	r2, #0
 198              	.LVL14:
 199              		.loc 1 106 4 is_stmt 0 view .LVU32
 200 000c 4FF48071 		mov	r1, #256
 201              	.LVL15:
 202              		.loc 1 106 4 view .LVU33
 203 0010 3846     		mov	r0, r7
 204              	.LVL16:
 205              		.loc 1 106 4 view .LVU34
 206 0012 FFF7FEFF 		bl	HAL_GPIO_WritePin
 207              	.LVL17:
 107:Drivers/ESC/AX58100/esc_hw.c ****    /* Write address and command to device. */
 108:Drivers/ESC/AX58100/esc_hw.c ****    esc_address(address, ESC_CMD_WRITE);
 208              		.loc 1 108 4 is_stmt 1 view .LVU35
 209 0016 0421     		movs	r1, #4
 210 0018 3046     		mov	r0, r6
 211 001a FFF7FEFF 		bl	esc_address
 212              	.LVL18:
 109:Drivers/ESC/AX58100/esc_hw.c ****    /* Write data. */
 110:Drivers/ESC/AX58100/esc_hw.c ****    HAL_SPI_Transmit(&hspi2, buf, len, 100);
 213              		.loc 1 110 4 view .LVU36
 214 001e 6423     		movs	r3, #100
 215 0020 2A46     		mov	r2, r5
 216 0022 2146     		mov	r1, r4
 217 0024 0548     		ldr	r0, .L16+4
 218 0026 FFF7FEFF 		bl	HAL_SPI_Transmit
 219              	.LVL19:
 111:Drivers/ESC/AX58100/esc_hw.c ****    /* Un-select device. */
 112:Drivers/ESC/AX58100/esc_hw.c ****    HAL_GPIO_WritePin(SPI2_NSS_GPIO_Port, SPI2_NSS_Pin, GPIO_PIN_SET);
 220              		.loc 1 112 4 view .LVU37
 221 002a 0122     		movs	r2, #1
 222 002c 4FF48071 		mov	r1, #256
 223 0030 3846     		mov	r0, r7
 224 0032 FFF7FEFF 		bl	HAL_GPIO_WritePin
 225              	.LVL20:
 113:Drivers/ESC/AX58100/esc_hw.c **** }
 226              		.loc 1 113 1 is_stmt 0 view .LVU38
 227 0036 F8BD     		pop	{r3, r4, r5, r6, r7, pc}
 228              	.LVL21:
 229              	.L17:
 230              		.loc 1 113 1 view .LVU39
 231              		.align	2
 232              	.L16:
 233 0038 00040240 		.word	1073873920
ARM GAS  /tmp/cc8MgW4V.s 			page 7


 234 003c 00000000 		.word	hspi2
 235              		.cfi_endproc
 236              	.LFE132:
 238              		.section	.text.ESC_init,"ax",%progbits
 239              		.align	1
 240              		.global	ESC_init
 241              		.syntax unified
 242              		.thumb
 243              		.thumb_func
 245              	ESC_init:
 246              	.LVL22:
 247              	.LFB133:
 114:Drivers/ESC/AX58100/esc_hw.c **** 
 115:Drivers/ESC/AX58100/esc_hw.c **** void ESC_init(const esc_cfg_t *config)
 116:Drivers/ESC/AX58100/esc_hw.c **** {
 248              		.loc 1 116 1 is_stmt 1 view -0
 249              		.cfi_startproc
 250              		@ args = 0, pretend = 0, frame = 0
 251              		@ frame_needed = 0, uses_anonymous_args = 0
 252              		@ link register save eliminated.
 117:Drivers/ESC/AX58100/esc_hw.c ****    read_termination[MAX_READ_SIZE - 1] = 0xFF;
 253              		.loc 1 117 4 view .LVU41
 254              		.loc 1 117 40 is_stmt 0 view .LVU42
 255 0000 024B     		ldr	r3, .L19
 256 0002 FF22     		movs	r2, #255
 257 0004 83F87F20 		strb	r2, [r3, #127]
 118:Drivers/ESC/AX58100/esc_hw.c **** }
 258              		.loc 1 118 1 view .LVU43
 259 0008 7047     		bx	lr
 260              	.L20:
 261 000a 00BF     		.align	2
 262              	.L19:
 263 000c 00000000 		.word	.LANCHOR0
 264              		.cfi_endproc
 265              	.LFE133:
 267              		.section	.text.ESC_interrupt_enable,"ax",%progbits
 268              		.align	1
 269              		.global	ESC_interrupt_enable
 270              		.syntax unified
 271              		.thumb
 272              		.thumb_func
 274              	ESC_interrupt_enable:
 275              	.LVL23:
 276              	.LFB134:
 119:Drivers/ESC/AX58100/esc_hw.c **** 
 120:Drivers/ESC/AX58100/esc_hw.c **** /** ESC interrupt enable function by the Slave stack in IRQ mode.
 121:Drivers/ESC/AX58100/esc_hw.c ****  *
 122:Drivers/ESC/AX58100/esc_hw.c ****  * @param[in]   mask     = of interrupts to enable
 123:Drivers/ESC/AX58100/esc_hw.c ****  */
 124:Drivers/ESC/AX58100/esc_hw.c **** void ESC_interrupt_enable(uint32_t mask)
 125:Drivers/ESC/AX58100/esc_hw.c **** {
 277              		.loc 1 125 1 is_stmt 1 view -0
 278              		.cfi_startproc
 279              		@ args = 0, pretend = 0, frame = 0
 280              		@ frame_needed = 0, uses_anonymous_args = 0
 281              		.loc 1 125 1 is_stmt 0 view .LVU45
 282 0000 10B5     		push	{r4, lr}
ARM GAS  /tmp/cc8MgW4V.s 			page 8


 283              		.cfi_def_cfa_offset 8
 284              		.cfi_offset 4, -8
 285              		.cfi_offset 14, -4
 286 0002 0446     		mov	r4, r0
 126:Drivers/ESC/AX58100/esc_hw.c ****    // PDI interrupt
 127:Drivers/ESC/AX58100/esc_hw.c ****    HAL_NVIC_EnableIRQ(EXTI9_5_IRQn);
 287              		.loc 1 127 4 is_stmt 1 view .LVU46
 288 0004 1720     		movs	r0, #23
 289              	.LVL24:
 290              		.loc 1 127 4 is_stmt 0 view .LVU47
 291 0006 FFF7FEFF 		bl	HAL_NVIC_EnableIRQ
 292              	.LVL25:
 128:Drivers/ESC/AX58100/esc_hw.c **** 
 129:Drivers/ESC/AX58100/esc_hw.c ****    if (ESCREG_ALEVENT_DC_SYNC0 & mask)
 293              		.loc 1 129 4 is_stmt 1 view .LVU48
 294              		.loc 1 129 7 is_stmt 0 view .LVU49
 295 000a 14F0040F 		tst	r4, #4
 296 000e 05D1     		bne	.L24
 297              	.L22:
 130:Drivers/ESC/AX58100/esc_hw.c ****    {
 131:Drivers/ESC/AX58100/esc_hw.c ****       HAL_NVIC_EnableIRQ(EXTI0_IRQn);
 132:Drivers/ESC/AX58100/esc_hw.c ****       mask &= ~ESCREG_ALEVENT_DC_SYNC0;
 133:Drivers/ESC/AX58100/esc_hw.c ****    }
 134:Drivers/ESC/AX58100/esc_hw.c ****    if (ESCREG_ALEVENT_DC_SYNC1 & mask)
 298              		.loc 1 134 4 is_stmt 1 view .LVU50
 135:Drivers/ESC/AX58100/esc_hw.c ****    {
 136:Drivers/ESC/AX58100/esc_hw.c ****       //    mask &= ~ESCREG_ALEVENT_DC_SYNC1;
 137:Drivers/ESC/AX58100/esc_hw.c ****    }
 299              		.loc 1 137 4 view .LVU51
 138:Drivers/ESC/AX58100/esc_hw.c ****    if (ESCREG_ALEVENT_DC_LATCH & mask)
 300              		.loc 1 138 4 view .LVU52
 139:Drivers/ESC/AX58100/esc_hw.c ****    {
 140:Drivers/ESC/AX58100/esc_hw.c ****       // mask &= ~ESCREG_ALEVENT_DC_LATCH;
 141:Drivers/ESC/AX58100/esc_hw.c ****    }
 301              		.loc 1 141 4 view .LVU53
 142:Drivers/ESC/AX58100/esc_hw.c **** 
 143:Drivers/ESC/AX58100/esc_hw.c ****    ESC_ALeventmaskwrite(ESC_ALeventmaskread() | mask);
 302              		.loc 1 143 4 view .LVU54
 303              		.loc 1 143 25 is_stmt 0 view .LVU55
 304 0010 FFF7FEFF 		bl	ESC_ALeventmaskread
 305              	.LVL26:
 306              		.loc 1 143 4 view .LVU56
 307 0014 2043     		orrs	r0, r0, r4
 308 0016 FFF7FEFF 		bl	ESC_ALeventmaskwrite
 309              	.LVL27:
 144:Drivers/ESC/AX58100/esc_hw.c **** }
 310              		.loc 1 144 1 view .LVU57
 311 001a 10BD     		pop	{r4, pc}
 312              	.LVL28:
 313              	.L24:
 131:Drivers/ESC/AX58100/esc_hw.c ****       mask &= ~ESCREG_ALEVENT_DC_SYNC0;
 314              		.loc 1 131 7 is_stmt 1 view .LVU58
 315 001c 0620     		movs	r0, #6
 316 001e FFF7FEFF 		bl	HAL_NVIC_EnableIRQ
 317              	.LVL29:
 132:Drivers/ESC/AX58100/esc_hw.c ****    }
 318              		.loc 1 132 7 view .LVU59
ARM GAS  /tmp/cc8MgW4V.s 			page 9


 132:Drivers/ESC/AX58100/esc_hw.c ****    }
 319              		.loc 1 132 12 is_stmt 0 view .LVU60
 320 0022 24F00404 		bic	r4, r4, #4
 321              	.LVL30:
 132:Drivers/ESC/AX58100/esc_hw.c ****    }
 322              		.loc 1 132 12 view .LVU61
 323 0026 F3E7     		b	.L22
 324              		.cfi_endproc
 325              	.LFE134:
 327              		.section	.text.ESC_interrupt_disable,"ax",%progbits
 328              		.align	1
 329              		.global	ESC_interrupt_disable
 330              		.syntax unified
 331              		.thumb
 332              		.thumb_func
 334              	ESC_interrupt_disable:
 335              	.LVL31:
 336              	.LFB135:
 145:Drivers/ESC/AX58100/esc_hw.c **** 
 146:Drivers/ESC/AX58100/esc_hw.c **** /** ESC interrupt disable function by the Slave stack in IRQ mode.
 147:Drivers/ESC/AX58100/esc_hw.c ****  *
 148:Drivers/ESC/AX58100/esc_hw.c ****  * @param[in]   mask     = interrupts to disable
 149:Drivers/ESC/AX58100/esc_hw.c ****  */
 150:Drivers/ESC/AX58100/esc_hw.c **** void ESC_interrupt_disable(uint32_t mask)
 151:Drivers/ESC/AX58100/esc_hw.c **** {
 337              		.loc 1 151 1 is_stmt 1 view -0
 338              		.cfi_startproc
 339              		@ args = 0, pretend = 0, frame = 0
 340              		@ frame_needed = 0, uses_anonymous_args = 0
 341              		.loc 1 151 1 is_stmt 0 view .LVU63
 342 0000 10B5     		push	{r4, lr}
 343              		.cfi_def_cfa_offset 8
 344              		.cfi_offset 4, -8
 345              		.cfi_offset 14, -4
 346 0002 0446     		mov	r4, r0
 152:Drivers/ESC/AX58100/esc_hw.c ****    HAL_NVIC_DisableIRQ(EXTI9_5_IRQn);
 347              		.loc 1 152 4 is_stmt 1 view .LVU64
 348 0004 1720     		movs	r0, #23
 349              	.LVL32:
 350              		.loc 1 152 4 is_stmt 0 view .LVU65
 351 0006 FFF7FEFF 		bl	HAL_NVIC_DisableIRQ
 352              	.LVL33:
 153:Drivers/ESC/AX58100/esc_hw.c ****    if (ESCREG_ALEVENT_DC_SYNC0 & mask)
 353              		.loc 1 153 4 is_stmt 1 view .LVU66
 354              		.loc 1 153 7 is_stmt 0 view .LVU67
 355 000a 14F0040F 		tst	r4, #4
 356 000e 06D1     		bne	.L28
 357              	.L26:
 154:Drivers/ESC/AX58100/esc_hw.c ****    {
 155:Drivers/ESC/AX58100/esc_hw.c ****       HAL_NVIC_DisableIRQ(EXTI0_IRQn);
 156:Drivers/ESC/AX58100/esc_hw.c ****       mask &= ~ESCREG_ALEVENT_DC_SYNC0;
 157:Drivers/ESC/AX58100/esc_hw.c ****    }
 158:Drivers/ESC/AX58100/esc_hw.c ****    if (ESCREG_ALEVENT_DC_SYNC1 & mask)
 358              		.loc 1 158 4 is_stmt 1 view .LVU68
 159:Drivers/ESC/AX58100/esc_hw.c ****    {
 160:Drivers/ESC/AX58100/esc_hw.c ****       //    mask &= ~ESCREG_ALEVENT_DC_SYNC1;
 161:Drivers/ESC/AX58100/esc_hw.c ****    }
ARM GAS  /tmp/cc8MgW4V.s 			page 10


 359              		.loc 1 161 4 view .LVU69
 162:Drivers/ESC/AX58100/esc_hw.c ****    if (ESCREG_ALEVENT_DC_LATCH & mask)
 360              		.loc 1 162 4 view .LVU70
 163:Drivers/ESC/AX58100/esc_hw.c ****    {
 164:Drivers/ESC/AX58100/esc_hw.c ****       //    mask &= ~ESCREG_ALEVENT_DC_LATCH;
 165:Drivers/ESC/AX58100/esc_hw.c ****    }
 361              		.loc 1 165 4 view .LVU71
 166:Drivers/ESC/AX58100/esc_hw.c **** 
 167:Drivers/ESC/AX58100/esc_hw.c ****    ESC_ALeventmaskwrite(~mask & ESC_ALeventmaskread());
 362              		.loc 1 167 4 view .LVU72
 363              		.loc 1 167 25 is_stmt 0 view .LVU73
 364 0010 E443     		mvns	r4, r4
 365              	.LVL34:
 366              		.loc 1 167 33 view .LVU74
 367 0012 FFF7FEFF 		bl	ESC_ALeventmaskread
 368              	.LVL35:
 369              		.loc 1 167 4 view .LVU75
 370 0016 2040     		ands	r0, r0, r4
 371 0018 FFF7FEFF 		bl	ESC_ALeventmaskwrite
 372              	.LVL36:
 168:Drivers/ESC/AX58100/esc_hw.c **** }
 373              		.loc 1 168 1 view .LVU76
 374 001c 10BD     		pop	{r4, pc}
 375              	.LVL37:
 376              	.L28:
 155:Drivers/ESC/AX58100/esc_hw.c ****       mask &= ~ESCREG_ALEVENT_DC_SYNC0;
 377              		.loc 1 155 7 is_stmt 1 view .LVU77
 378 001e 0620     		movs	r0, #6
 379 0020 FFF7FEFF 		bl	HAL_NVIC_DisableIRQ
 380              	.LVL38:
 156:Drivers/ESC/AX58100/esc_hw.c ****    }
 381              		.loc 1 156 7 view .LVU78
 156:Drivers/ESC/AX58100/esc_hw.c ****    }
 382              		.loc 1 156 12 is_stmt 0 view .LVU79
 383 0024 24F00404 		bic	r4, r4, #4
 384              	.LVL39:
 156:Drivers/ESC/AX58100/esc_hw.c ****    }
 385              		.loc 1 156 12 view .LVU80
 386 0028 F2E7     		b	.L26
 387              		.cfi_endproc
 388              	.LFE135:
 390              		.section	.text.ESC_enable_DC,"ax",%progbits
 391              		.align	1
 392              		.global	ESC_enable_DC
 393              		.syntax unified
 394              		.thumb
 395              		.thumb_func
 397              	ESC_enable_DC:
 398              	.LFB136:
 169:Drivers/ESC/AX58100/esc_hw.c **** 
 170:Drivers/ESC/AX58100/esc_hw.c **** /** ESC enable Distributed Clocks (DC)
 171:Drivers/ESC/AX58100/esc_hw.c ****  *
 172:Drivers/ESC/AX58100/esc_hw.c ****  * @return  SYNC0 cycle time
 173:Drivers/ESC/AX58100/esc_hw.c ****  */
 174:Drivers/ESC/AX58100/esc_hw.c **** uint32_t ESC_enable_DC()
 175:Drivers/ESC/AX58100/esc_hw.c **** {
 399              		.loc 1 175 1 is_stmt 1 view -0
ARM GAS  /tmp/cc8MgW4V.s 			page 11


 400              		.cfi_startproc
 401              		@ args = 0, pretend = 0, frame = 16
 402              		@ frame_needed = 0, uses_anonymous_args = 0
 403 0000 10B5     		push	{r4, lr}
 404              		.cfi_def_cfa_offset 8
 405              		.cfi_offset 4, -8
 406              		.cfi_offset 14, -4
 407 0002 84B0     		sub	sp, sp, #16
 408              		.cfi_def_cfa_offset 24
 176:Drivers/ESC/AX58100/esc_hw.c ****    uint8_t data = 0x00;
 409              		.loc 1 176 4 view .LVU82
 410              		.loc 1 176 12 is_stmt 0 view .LVU83
 411 0004 0023     		movs	r3, #0
 412 0006 8DF80F30 		strb	r3, [sp, #15]
 177:Drivers/ESC/AX58100/esc_hw.c **** 
 178:Drivers/ESC/AX58100/esc_hw.c ****    // check DC Sync Out bit: 0x140:10
 179:Drivers/ESC/AX58100/esc_hw.c ****    ESC_read(ESCREG_ESC_CONFIG, &data, sizeof(data));
 413              		.loc 1 179 4 is_stmt 1 view .LVU84
 414 000a 0122     		movs	r2, #1
 415 000c 0DF10F01 		add	r1, sp, #15
 416 0010 40F24110 		movw	r0, #321
 417 0014 FFF7FEFF 		bl	ESC_read
 418              	.LVL40:
 180:Drivers/ESC/AX58100/esc_hw.c ****    if (!(data & DC_SYNC_OUT))
 419              		.loc 1 180 4 view .LVU85
 420              		.loc 1 180 15 is_stmt 0 view .LVU86
 421 0018 9DF80F30 		ldrb	r3, [sp, #15]	@ zero_extendqisi2
 422              		.loc 1 180 7 view .LVU87
 423 001c 13F0040F 		tst	r3, #4
 424 0020 02D1     		bne	.L36
 181:Drivers/ESC/AX58100/esc_hw.c ****    {
 182:Drivers/ESC/AX58100/esc_hw.c ****       return 0; // DC sync is not enabled in ESI
 425              		.loc 1 182 14 view .LVU88
 426 0022 0020     		movs	r0, #0
 427              	.L29:
 183:Drivers/ESC/AX58100/esc_hw.c ****    }
 184:Drivers/ESC/AX58100/esc_hw.c **** 
 185:Drivers/ESC/AX58100/esc_hw.c ****    // read set SYNC0 Cycle Time from 0x09A0
 186:Drivers/ESC/AX58100/esc_hw.c ****    uint32_t setsync0cycleTime = 0;
 187:Drivers/ESC/AX58100/esc_hw.c ****    ESC_read(ESCREG_SYNC0_CYCLE_TIME, &setsync0cycleTime, sizeof(uint32_t));
 188:Drivers/ESC/AX58100/esc_hw.c ****    setsync0cycleTime = etohl(setsync0cycleTime);
 189:Drivers/ESC/AX58100/esc_hw.c **** 
 190:Drivers/ESC/AX58100/esc_hw.c ****    // check Sync Unit assign 0x0980:0 ( 0 for ECAT, 1 for PDI )
 191:Drivers/ESC/AX58100/esc_hw.c ****    ESC_read(ESCREG_CYCLIC_UNIT_CONTROL, &data, sizeof(data));
 192:Drivers/ESC/AX58100/esc_hw.c ****    if (data == SYNC_OUT_PDI_CONTROL)
 193:Drivers/ESC/AX58100/esc_hw.c ****    {
 194:Drivers/ESC/AX58100/esc_hw.c ****       // Sync Unit assigned to PDI, configuration needs to be finished by slave
 195:Drivers/ESC/AX58100/esc_hw.c **** 
 196:Drivers/ESC/AX58100/esc_hw.c ****       // set sync start time: read system time, add offset for writing start time and activation
 197:Drivers/ESC/AX58100/esc_hw.c ****       ESC_read(ESCREG_LOCALTIME, (void *)&ESCvar.Time, sizeof(ESCvar.Time));
 198:Drivers/ESC/AX58100/esc_hw.c ****       ESCvar.Time = etohl(ESCvar.Time);
 199:Drivers/ESC/AX58100/esc_hw.c ****       uint32_t startTime = ESCvar.Time + SYNC_START_OFFSET;
 200:Drivers/ESC/AX58100/esc_hw.c **** 
 201:Drivers/ESC/AX58100/esc_hw.c ****       ESC_write(ESCREG_SYNC_START_TIME, &startTime, sizeof(startTime));
 202:Drivers/ESC/AX58100/esc_hw.c **** 
 203:Drivers/ESC/AX58100/esc_hw.c ****       // activate cyclic operation and SYNC0
 204:Drivers/ESC/AX58100/esc_hw.c ****       ESC_read(ESCREG_SYNC_ACT, &data, sizeof(data));
ARM GAS  /tmp/cc8MgW4V.s 			page 12


 205:Drivers/ESC/AX58100/esc_hw.c ****       data = data | ESCREG_SYNC_ACT_ACTIVATED | ESCREG_SYNC_SYNC0_EN;
 206:Drivers/ESC/AX58100/esc_hw.c ****       ESC_write(ESCREG_SYNC_ACT, &data, sizeof(data));
 207:Drivers/ESC/AX58100/esc_hw.c ****       data = 0x00;
 208:Drivers/ESC/AX58100/esc_hw.c ****       while (!(data & (ESCREG_SYNC_ACT_ACTIVATED | ESCREG_SYNC_SYNC0_EN)))
 209:Drivers/ESC/AX58100/esc_hw.c ****       {
 210:Drivers/ESC/AX58100/esc_hw.c ****          ESC_read(ESCREG_SYNC_ACT, &data, sizeof(data));
 211:Drivers/ESC/AX58100/esc_hw.c ****       }
 212:Drivers/ESC/AX58100/esc_hw.c ****    }
 213:Drivers/ESC/AX58100/esc_hw.c **** 
 214:Drivers/ESC/AX58100/esc_hw.c ****    return setsync0cycleTime;
 215:Drivers/ESC/AX58100/esc_hw.c **** }
 428              		.loc 1 215 1 view .LVU89
 429 0024 04B0     		add	sp, sp, #16
 430              		.cfi_remember_state
 431              		.cfi_def_cfa_offset 8
 432              		@ sp needed
 433 0026 10BD     		pop	{r4, pc}
 434              	.L36:
 435              		.cfi_restore_state
 186:Drivers/ESC/AX58100/esc_hw.c ****    ESC_read(ESCREG_SYNC0_CYCLE_TIME, &setsync0cycleTime, sizeof(uint32_t));
 436              		.loc 1 186 4 is_stmt 1 view .LVU90
 186:Drivers/ESC/AX58100/esc_hw.c ****    ESC_read(ESCREG_SYNC0_CYCLE_TIME, &setsync0cycleTime, sizeof(uint32_t));
 437              		.loc 1 186 13 is_stmt 0 view .LVU91
 438 0028 0023     		movs	r3, #0
 439 002a 0293     		str	r3, [sp, #8]
 187:Drivers/ESC/AX58100/esc_hw.c ****    setsync0cycleTime = etohl(setsync0cycleTime);
 440              		.loc 1 187 4 is_stmt 1 view .LVU92
 441 002c 0422     		movs	r2, #4
 442 002e 02A9     		add	r1, sp, #8
 443 0030 4FF41A60 		mov	r0, #2464
 444 0034 FFF7FEFF 		bl	ESC_read
 445              	.LVL41:
 188:Drivers/ESC/AX58100/esc_hw.c **** 
 446              		.loc 1 188 4 view .LVU93
 191:Drivers/ESC/AX58100/esc_hw.c ****    if (data == SYNC_OUT_PDI_CONTROL)
 447              		.loc 1 191 4 view .LVU94
 448 0038 0122     		movs	r2, #1
 449 003a 0DF10F01 		add	r1, sp, #15
 450 003e 4FF41860 		mov	r0, #2432
 451 0042 FFF7FEFF 		bl	ESC_read
 452              	.LVL42:
 192:Drivers/ESC/AX58100/esc_hw.c ****    {
 453              		.loc 1 192 4 view .LVU95
 192:Drivers/ESC/AX58100/esc_hw.c ****    {
 454              		.loc 1 192 13 is_stmt 0 view .LVU96
 455 0046 9DF80F30 		ldrb	r3, [sp, #15]	@ zero_extendqisi2
 192:Drivers/ESC/AX58100/esc_hw.c ****    {
 456              		.loc 1 192 7 view .LVU97
 457 004a 012B     		cmp	r3, #1
 458 004c 01D0     		beq	.L37
 459              	.L31:
 214:Drivers/ESC/AX58100/esc_hw.c **** }
 460              		.loc 1 214 4 is_stmt 1 view .LVU98
 214:Drivers/ESC/AX58100/esc_hw.c **** }
 461              		.loc 1 214 11 is_stmt 0 view .LVU99
 462 004e 0298     		ldr	r0, [sp, #8]
 463 0050 E8E7     		b	.L29
ARM GAS  /tmp/cc8MgW4V.s 			page 13


 464              	.L37:
 465              	.LBB2:
 197:Drivers/ESC/AX58100/esc_hw.c ****       ESCvar.Time = etohl(ESCvar.Time);
 466              		.loc 1 197 7 is_stmt 1 view .LVU100
 467 0052 1E4C     		ldr	r4, .L38
 468 0054 0422     		movs	r2, #4
 469 0056 2146     		mov	r1, r4
 470 0058 4FF41160 		mov	r0, #2320
 471 005c FFF7FEFF 		bl	ESC_read
 472              	.LVL43:
 198:Drivers/ESC/AX58100/esc_hw.c ****       uint32_t startTime = ESCvar.Time + SYNC_START_OFFSET;
 473              		.loc 1 198 7 view .LVU101
 198:Drivers/ESC/AX58100/esc_hw.c ****       uint32_t startTime = ESCvar.Time + SYNC_START_OFFSET;
 474              		.loc 1 198 21 is_stmt 0 view .LVU102
 475 0060 2146     		mov	r1, r4
 476 0062 51F8D839 		ldr	r3, [r1], #-216
 198:Drivers/ESC/AX58100/esc_hw.c ****       uint32_t startTime = ESCvar.Time + SYNC_START_OFFSET;
 477              		.loc 1 198 19 view .LVU103
 478 0066 C1F8D830 		str	r3, [r1, #216]
 199:Drivers/ESC/AX58100/esc_hw.c **** 
 479              		.loc 1 199 7 is_stmt 1 view .LVU104
 199:Drivers/ESC/AX58100/esc_hw.c **** 
 480              		.loc 1 199 34 is_stmt 0 view .LVU105
 481 006a D1F8D820 		ldr	r2, [r1, #216]
 199:Drivers/ESC/AX58100/esc_hw.c **** 
 482              		.loc 1 199 40 view .LVU106
 483 006e 184B     		ldr	r3, .L38+4
 484 0070 1344     		add	r3, r3, r2
 199:Drivers/ESC/AX58100/esc_hw.c **** 
 485              		.loc 1 199 16 view .LVU107
 486 0072 0193     		str	r3, [sp, #4]
 201:Drivers/ESC/AX58100/esc_hw.c **** 
 487              		.loc 1 201 7 is_stmt 1 view .LVU108
 488 0074 0422     		movs	r2, #4
 489 0076 0DEB0201 		add	r1, sp, r2
 490 007a 4FF41960 		mov	r0, #2448
 491 007e FFF7FEFF 		bl	ESC_write
 492              	.LVL44:
 204:Drivers/ESC/AX58100/esc_hw.c ****       data = data | ESCREG_SYNC_ACT_ACTIVATED | ESCREG_SYNC_SYNC0_EN;
 493              		.loc 1 204 7 view .LVU109
 494 0082 0122     		movs	r2, #1
 495 0084 0DF10F01 		add	r1, sp, #15
 496 0088 40F68110 		movw	r0, #2433
 497 008c FFF7FEFF 		bl	ESC_read
 498              	.LVL45:
 205:Drivers/ESC/AX58100/esc_hw.c ****       ESC_write(ESCREG_SYNC_ACT, &data, sizeof(data));
 499              		.loc 1 205 7 view .LVU110
 205:Drivers/ESC/AX58100/esc_hw.c ****       ESC_write(ESCREG_SYNC_ACT, &data, sizeof(data));
 500              		.loc 1 205 12 is_stmt 0 view .LVU111
 501 0090 9DF80F30 		ldrb	r3, [sp, #15]	@ zero_extendqisi2
 502 0094 43F00303 		orr	r3, r3, #3
 503 0098 8DF80F30 		strb	r3, [sp, #15]
 206:Drivers/ESC/AX58100/esc_hw.c ****       data = 0x00;
 504              		.loc 1 206 7 is_stmt 1 view .LVU112
 505 009c 0122     		movs	r2, #1
 506 009e 0DF10F01 		add	r1, sp, #15
 507 00a2 40F68110 		movw	r0, #2433
ARM GAS  /tmp/cc8MgW4V.s 			page 14


 508 00a6 FFF7FEFF 		bl	ESC_write
 509              	.LVL46:
 207:Drivers/ESC/AX58100/esc_hw.c ****       while (!(data & (ESCREG_SYNC_ACT_ACTIVATED | ESCREG_SYNC_SYNC0_EN)))
 510              		.loc 1 207 7 view .LVU113
 207:Drivers/ESC/AX58100/esc_hw.c ****       while (!(data & (ESCREG_SYNC_ACT_ACTIVATED | ESCREG_SYNC_SYNC0_EN)))
 511              		.loc 1 207 12 is_stmt 0 view .LVU114
 512 00aa 0023     		movs	r3, #0
 513 00ac 8DF80F30 		strb	r3, [sp, #15]
 208:Drivers/ESC/AX58100/esc_hw.c ****       {
 514              		.loc 1 208 7 is_stmt 1 view .LVU115
 208:Drivers/ESC/AX58100/esc_hw.c ****       {
 515              		.loc 1 208 13 is_stmt 0 view .LVU116
 516 00b0 06E0     		b	.L32
 517              	.L33:
 210:Drivers/ESC/AX58100/esc_hw.c ****       }
 518              		.loc 1 210 10 is_stmt 1 view .LVU117
 519 00b2 0122     		movs	r2, #1
 520 00b4 0DF10F01 		add	r1, sp, #15
 521 00b8 40F68110 		movw	r0, #2433
 522 00bc FFF7FEFF 		bl	ESC_read
 523              	.LVL47:
 524              	.L32:
 208:Drivers/ESC/AX58100/esc_hw.c ****       {
 525              		.loc 1 208 13 view .LVU118
 208:Drivers/ESC/AX58100/esc_hw.c ****       {
 526              		.loc 1 208 21 is_stmt 0 view .LVU119
 527 00c0 9DF80F30 		ldrb	r3, [sp, #15]	@ zero_extendqisi2
 208:Drivers/ESC/AX58100/esc_hw.c ****       {
 528              		.loc 1 208 13 view .LVU120
 529 00c4 13F0030F 		tst	r3, #3
 530 00c8 F3D0     		beq	.L33
 531 00ca C0E7     		b	.L31
 532              	.L39:
 533              		.align	2
 534              	.L38:
 535 00cc D8000000 		.word	ESCvar+216
 536 00d0 B8BF2300 		.word	2342840
 537              	.LBE2:
 538              		.cfi_endproc
 539              	.LFE136:
 541              		.section	.bss.read_termination,"aw",%nobits
 542              		.align	2
 543              		.set	.LANCHOR0,. + 0
 546              	read_termination:
 547 0000 00000000 		.space	128
 547      00000000 
 547      00000000 
 547      00000000 
 547      00000000 
 548              		.text
 549              	.Letext0:
 550              		.file 2 "/usr/share/gcc-arm-none-eabi-10.3-2021.10/lib/gcc/arm-none-eabi/10.3.1/include/stddef.h"
 551              		.file 3 "/usr/share/gcc-arm-none-eabi-10.3-2021.10/arm-none-eabi/include/machine/_default_types.h"
 552              		.file 4 "/usr/share/gcc-arm-none-eabi-10.3-2021.10/arm-none-eabi/include/sys/_stdint.h"
 553              		.file 5 "Drivers/SOES/Inc/esc.h"
 554              		.file 6 "Drivers/CMSIS/Device/ST/STM32F4xx/Include/stm32f405xx.h"
 555              		.file 7 "Drivers/STM32F4xx_HAL_Driver/Inc/stm32f4xx_hal_def.h"
ARM GAS  /tmp/cc8MgW4V.s 			page 15


 556              		.file 8 "Drivers/STM32F4xx_HAL_Driver/Inc/stm32f4xx_hal_gpio.h"
 557              		.file 9 "Drivers/STM32F4xx_HAL_Driver/Inc/stm32f4xx_hal_dma.h"
 558              		.file 10 "Drivers/STM32F4xx_HAL_Driver/Inc/stm32f4xx_hal_spi.h"
 559              		.file 11 "Core/Inc/main.h"
 560              		.file 12 "Drivers/STM32F4xx_HAL_Driver/Inc/stm32f4xx_hal_cortex.h"
ARM GAS  /tmp/cc8MgW4V.s 			page 16


DEFINED SYMBOLS
                            *ABS*:0000000000000000 esc_hw.c
     /tmp/cc8MgW4V.s:20     .text.esc_address:0000000000000000 $t
     /tmp/cc8MgW4V.s:25     .text.esc_address:0000000000000000 esc_address
     /tmp/cc8MgW4V.s:78     .text.esc_address:0000000000000034 $d
     /tmp/cc8MgW4V.s:84     .text.ESC_read:0000000000000000 $t
     /tmp/cc8MgW4V.s:90     .text.ESC_read:0000000000000000 ESC_read
     /tmp/cc8MgW4V.s:163    .text.ESC_read:000000000000004c $d
     /tmp/cc8MgW4V.s:170    .text.ESC_write:0000000000000000 $t
     /tmp/cc8MgW4V.s:176    .text.ESC_write:0000000000000000 ESC_write
     /tmp/cc8MgW4V.s:233    .text.ESC_write:0000000000000038 $d
     /tmp/cc8MgW4V.s:239    .text.ESC_init:0000000000000000 $t
     /tmp/cc8MgW4V.s:245    .text.ESC_init:0000000000000000 ESC_init
     /tmp/cc8MgW4V.s:263    .text.ESC_init:000000000000000c $d
     /tmp/cc8MgW4V.s:268    .text.ESC_interrupt_enable:0000000000000000 $t
     /tmp/cc8MgW4V.s:274    .text.ESC_interrupt_enable:0000000000000000 ESC_interrupt_enable
     /tmp/cc8MgW4V.s:328    .text.ESC_interrupt_disable:0000000000000000 $t
     /tmp/cc8MgW4V.s:334    .text.ESC_interrupt_disable:0000000000000000 ESC_interrupt_disable
     /tmp/cc8MgW4V.s:391    .text.ESC_enable_DC:0000000000000000 $t
     /tmp/cc8MgW4V.s:397    .text.ESC_enable_DC:0000000000000000 ESC_enable_DC
     /tmp/cc8MgW4V.s:535    .text.ESC_enable_DC:00000000000000cc $d
     /tmp/cc8MgW4V.s:542    .bss.read_termination:0000000000000000 $d
     /tmp/cc8MgW4V.s:546    .bss.read_termination:0000000000000000 read_termination

UNDEFINED SYMBOLS
HAL_SPI_TransmitReceive
ESCvar
hspi2
HAL_GPIO_WritePin
HAL_SPI_Transmit
HAL_NVIC_EnableIRQ
ESC_ALeventmaskread
ESC_ALeventmaskwrite
HAL_NVIC_DisableIRQ
